2022-08-02T08:00:05+00:00 CRITICAL syntax error, unexpected '}', expecting ';' or ',' in C:\Users\cooki\Local Sites\yaniv-nextdevs\app\public\wp-content\plugins\theme-customisations-master\custom\functions.php on line 27

2022-08-02T08:00:33+00:00 CRITICAL syntax error, unexpected '}', expecting ';' or ',' in C:\Users\cooki\Local Sites\yaniv-nextdevs\app\public\wp-content\plugins\theme-customisations-master\custom\functions.php on line 27

2022-08-02T08:00:37+00:00 CRITICAL syntax error, unexpected '}', expecting ';' or ',' in C:\Users\cooki\Local Sites\yaniv-nextdevs\app\public\wp-content\plugins\theme-customisations-master\custom\functions.php on line 27

2022-08-02T08:00:39+00:00 CRITICAL syntax error, unexpected '}', expecting ';' or ',' in C:\Users\cooki\Local Sites\yaniv-nextdevs\app\public\wp-content\plugins\theme-customisations-master\custom\functions.php on line 27

2022-08-02T08:01:34+00:00 CRITICAL syntax error, unexpected '}', expecting ';' or ',' in C:\Users\cooki\Local Sites\yaniv-nextdevs\app\public\wp-content\plugins\theme-customisations-master\custom\functions.php on line 27

2022-08-02T08:01:38+00:00 CRITICAL syntax error, unexpected '}', expecting ';' or ',' in C:\Users\cooki\Local Sites\yaniv-nextdevs\app\public\wp-content\plugins\theme-customisations-master\custom\functions.php on line 27

2022-08-02T08:05:30+00:00 CRITICAL Uncaught ArgumentCountError: Too few arguments to function echoGreetUser(), 1 passed in C:\Users\cooki\Local Sites\yaniv-nextdevs\app\public\wp-includes\class-wp-hook.php on line 309 and exactly 6 expected in C:\Users\cooki\Local Sites\yaniv-nextdevs\app\public\wp-content\plugins\theme-customisations-master\custom\functions.php:22
Stack trace:
#0 C:\Users\cooki\Local Sites\yaniv-nextdevs\app\public\wp-includes\class-wp-hook.php(309): echoGreetUser('c51ce410c124a10...')
#1 C:\Users\cooki\Local Sites\yaniv-nextdevs\app\public\wp-includes\class-wp-hook.php(331): WP_Hook->apply_filters('', Array)
#2 C:\Users\cooki\Local Sites\yaniv-nextdevs\app\public\wp-includes\plugin.php(476): WP_Hook->do_action(Array)
#3 C:\Users\cooki\Local Sites\yaniv-nextdevs\app\public\wp-content\plugins\woocommerce\includes\class-wc-cart.php(1276): do_action('woocommerce_add...', 'c51ce410c124a10...', 13, 1, 0, Array, Array)
#4 C:\Users\cooki\Local Sites\yaniv-nextdevs\app\public\wp-content\plugins\woocommerce\includes\class-wc-form-hand in C:\Users\cooki\Local Sites\yaniv-nextdevs\app\public\wp-content\plugins\theme-customisations-master\custom\functions.php on line 22

2022-08-02T08:15:08+00:00 CRITICAL syntax error, unexpected ';', expecting ')' in C:\Users\cooki\Local Sites\yaniv-nextdevs\app\public\wp-content\plugins\theme-customisations-master\custom\functions.php on line 25

2022-08-02T08:15:13+00:00 CRITICAL syntax error, unexpected ';', expecting ')' in C:\Users\cooki\Local Sites\yaniv-nextdevs\app\public\wp-content\plugins\theme-customisations-master\custom\functions.php on line 25

2022-08-02T08:15:13+00:00 CRITICAL syntax error, unexpected ';', expecting ')' in C:\Users\cooki\Local Sites\yaniv-nextdevs\app\public\wp-content\plugins\theme-customisations-master\custom\functions.php on line 25

2022-08-02T08:15:14+00:00 CRITICAL syntax error, unexpected ';', expecting ')' in C:\Users\cooki\Local Sites\yaniv-nextdevs\app\public\wp-content\plugins\theme-customisations-master\custom\functions.php on line 25

2022-08-02T08:15:18+00:00 CRITICAL syntax error, unexpected ';', expecting ')' in C:\Users\cooki\Local Sites\yaniv-nextdevs\app\public\wp-content\plugins\theme-customisations-master\custom\functions.php on line 25

2022-08-02T08:15:18+00:00 CRITICAL syntax error, unexpected ';', expecting ')' in C:\Users\cooki\Local Sites\yaniv-nextdevs\app\public\wp-content\plugins\theme-customisations-master\custom\functions.php on line 25

2022-08-02T08:15:20+00:00 CRITICAL syntax error, unexpected ';', expecting ')' in C:\Users\cooki\Local Sites\yaniv-nextdevs\app\public\wp-content\plugins\theme-customisations-master\custom\functions.php on line 25

2022-08-02T08:15:21+00:00 CRITICAL syntax error, unexpected ';', expecting ')' in C:\Users\cooki\Local Sites\yaniv-nextdevs\app\public\wp-content\plugins\theme-customisations-master\custom\functions.php on line 25

2022-08-02T08:15:21+00:00 CRITICAL syntax error, unexpected ';', expecting ')' in C:\Users\cooki\Local Sites\yaniv-nextdevs\app\public\wp-content\plugins\theme-customisations-master\custom\functions.php on line 25

2022-08-02T08:15:41+00:00 CRITICAL syntax error, unexpected ';', expecting ')' in C:\Users\cooki\Local Sites\yaniv-nextdevs\app\public\wp-content\plugins\theme-customisations-master\custom\functions.php on line 25

2022-08-02T08:15:42+00:00 CRITICAL syntax error, unexpected ';', expecting ')' in C:\Users\cooki\Local Sites\yaniv-nextdevs\app\public\wp-content\plugins\theme-customisations-master\custom\functions.php on line 25

2022-08-02T08:15:42+00:00 CRITICAL syntax error, unexpected ';', expecting ')' in C:\Users\cooki\Local Sites\yaniv-nextdevs\app\public\wp-content\plugins\theme-customisations-master\custom\functions.php on line 25

2022-08-02T08:15:42+00:00 CRITICAL syntax error, unexpected ';', expecting ')' in C:\Users\cooki\Local Sites\yaniv-nextdevs\app\public\wp-content\plugins\theme-customisations-master\custom\functions.php on line 25

2022-08-02T08:15:43+00:00 CRITICAL syntax error, unexpected ';', expecting ')' in C:\Users\cooki\Local Sites\yaniv-nextdevs\app\public\wp-content\plugins\theme-customisations-master\custom\functions.php on line 25

2022-08-02T08:15:43+00:00 CRITICAL syntax error, unexpected ';', expecting ')' in C:\Users\cooki\Local Sites\yaniv-nextdevs\app\public\wp-content\plugins\theme-customisations-master\custom\functions.php on line 25

2022-08-02T08:15:44+00:00 CRITICAL syntax error, unexpected ';', expecting ')' in C:\Users\cooki\Local Sites\yaniv-nextdevs\app\public\wp-content\plugins\theme-customisations-master\custom\functions.php on line 25

2022-08-02T08:15:44+00:00 CRITICAL syntax error, unexpected ';', expecting ')' in C:\Users\cooki\Local Sites\yaniv-nextdevs\app\public\wp-content\plugins\theme-customisations-master\custom\functions.php on line 25

2022-08-02T08:15:44+00:00 CRITICAL syntax error, unexpected ';', expecting ')' in C:\Users\cooki\Local Sites\yaniv-nextdevs\app\public\wp-content\plugins\theme-customisations-master\custom\functions.php on line 25

2022-08-02T08:15:44+00:00 CRITICAL syntax error, unexpected ';', expecting ')' in C:\Users\cooki\Local Sites\yaniv-nextdevs\app\public\wp-content\plugins\theme-customisations-master\custom\functions.php on line 25

2022-08-02T08:15:44+00:00 CRITICAL syntax error, unexpected ';', expecting ')' in C:\Users\cooki\Local Sites\yaniv-nextdevs\app\public\wp-content\plugins\theme-customisations-master\custom\functions.php on line 25

2022-08-02T08:15:45+00:00 CRITICAL syntax error, unexpected ';', expecting ')' in C:\Users\cooki\Local Sites\yaniv-nextdevs\app\public\wp-content\plugins\theme-customisations-master\custom\functions.php on line 25

2022-08-02T08:15:50+00:00 CRITICAL syntax error, unexpected ';', expecting ')' in C:\Users\cooki\Local Sites\yaniv-nextdevs\app\public\wp-content\plugins\theme-customisations-master\custom\functions.php on line 25

2022-08-02T08:15:56+00:00 CRITICAL syntax error, unexpected ';', expecting ')' in C:\Users\cooki\Local Sites\yaniv-nextdevs\app\public\wp-content\plugins\theme-customisations-master\custom\functions.php on line 25

2022-08-02T08:15:56+00:00 CRITICAL syntax error, unexpected ';', expecting ')' in C:\Users\cooki\Local Sites\yaniv-nextdevs\app\public\wp-content\plugins\theme-customisations-master\custom\functions.php on line 25

2022-08-02T08:16:02+00:00 CRITICAL syntax error, unexpected ';', expecting ')' in C:\Users\cooki\Local Sites\yaniv-nextdevs\app\public\wp-content\plugins\theme-customisations-master\custom\functions.php on line 25

2022-08-02T08:16:04+00:00 CRITICAL syntax error, unexpected ';', expecting ')' in C:\Users\cooki\Local Sites\yaniv-nextdevs\app\public\wp-content\plugins\theme-customisations-master\custom\functions.php on line 25

2022-08-02T08:16:04+00:00 CRITICAL syntax error, unexpected ';', expecting ')' in C:\Users\cooki\Local Sites\yaniv-nextdevs\app\public\wp-content\plugins\theme-customisations-master\custom\functions.php on line 25

2022-08-02T08:16:14+00:00 CRITICAL syntax error, unexpected ';', expecting ')' in C:\Users\cooki\Local Sites\yaniv-nextdevs\app\public\wp-content\plugins\theme-customisations-master\custom\functions.php on line 25

2022-08-02T08:16:18+00:00 CRITICAL syntax error, unexpected ';', expecting ')' in C:\Users\cooki\Local Sites\yaniv-nextdevs\app\public\wp-content\plugins\theme-customisations-master\custom\functions.php on line 25

2022-08-02T08:16:19+00:00 CRITICAL syntax error, unexpected ';', expecting ')' in C:\Users\cooki\Local Sites\yaniv-nextdevs\app\public\wp-content\plugins\theme-customisations-master\custom\functions.php on line 25

2022-08-02T08:16:28+00:00 CRITICAL syntax error, unexpected ';', expecting ')' in C:\Users\cooki\Local Sites\yaniv-nextdevs\app\public\wp-content\plugins\theme-customisations-master\custom\functions.php on line 25

2022-08-02T08:16:28+00:00 CRITICAL syntax error, unexpected ';', expecting ')' in C:\Users\cooki\Local Sites\yaniv-nextdevs\app\public\wp-content\plugins\theme-customisations-master\custom\functions.php on line 25

2022-08-02T08:16:28+00:00 CRITICAL syntax error, unexpected ';', expecting ')' in C:\Users\cooki\Local Sites\yaniv-nextdevs\app\public\wp-content\plugins\theme-customisations-master\custom\functions.php on line 25

2022-08-02T08:16:29+00:00 CRITICAL syntax error, unexpected ';', expecting ')' in C:\Users\cooki\Local Sites\yaniv-nextdevs\app\public\wp-content\plugins\theme-customisations-master\custom\functions.php on line 25

2022-08-02T08:16:29+00:00 CRITICAL syntax error, unexpected ';', expecting ')' in C:\Users\cooki\Local Sites\yaniv-nextdevs\app\public\wp-content\plugins\theme-customisations-master\custom\functions.php on line 25

2022-08-02T08:16:31+00:00 CRITICAL syntax error, unexpected ';', expecting ')' in C:\Users\cooki\Local Sites\yaniv-nextdevs\app\public\wp-content\plugins\theme-customisations-master\custom\functions.php on line 25

2022-08-02T08:16:31+00:00 CRITICAL syntax error, unexpected ';', expecting ')' in C:\Users\cooki\Local Sites\yaniv-nextdevs\app\public\wp-content\plugins\theme-customisations-master\custom\functions.php on line 25

2022-08-02T08:16:38+00:00 CRITICAL syntax error, unexpected ';', expecting ')' in C:\Users\cooki\Local Sites\yaniv-nextdevs\app\public\wp-content\plugins\theme-customisations-master\custom\functions.php on line 25

2022-08-02T08:16:46+00:00 CRITICAL syntax error, unexpected ';', expecting ')' in C:\Users\cooki\Local Sites\yaniv-nextdevs\app\public\wp-content\plugins\theme-customisations-master\custom\functions.php on line 25

2022-08-02T08:16:46+00:00 CRITICAL syntax error, unexpected ';', expecting ')' in C:\Users\cooki\Local Sites\yaniv-nextdevs\app\public\wp-content\plugins\theme-customisations-master\custom\functions.php on line 25

2022-08-02T08:16:47+00:00 CRITICAL syntax error, unexpected ';', expecting ')' in C:\Users\cooki\Local Sites\yaniv-nextdevs\app\public\wp-content\plugins\theme-customisations-master\custom\functions.php on line 25

2022-08-02T08:16:51+00:00 CRITICAL syntax error, unexpected ';', expecting ')' in C:\Users\cooki\Local Sites\yaniv-nextdevs\app\public\wp-content\plugins\theme-customisations-master\custom\functions.php on line 25

2022-08-02T08:16:51+00:00 CRITICAL syntax error, unexpected ';', expecting ')' in C:\Users\cooki\Local Sites\yaniv-nextdevs\app\public\wp-content\plugins\theme-customisations-master\custom\functions.php on line 25

2022-08-02T08:16:52+00:00 CRITICAL syntax error, unexpected ';', expecting ')' in C:\Users\cooki\Local Sites\yaniv-nextdevs\app\public\wp-content\plugins\theme-customisations-master\custom\functions.php on line 25

2022-08-02T08:16:54+00:00 CRITICAL syntax error, unexpected ';', expecting ')' in C:\Users\cooki\Local Sites\yaniv-nextdevs\app\public\wp-content\plugins\theme-customisations-master\custom\functions.php on line 25

2022-08-02T08:16:54+00:00 CRITICAL syntax error, unexpected ';', expecting ')' in C:\Users\cooki\Local Sites\yaniv-nextdevs\app\public\wp-content\plugins\theme-customisations-master\custom\functions.php on line 25

2022-08-02T08:16:56+00:00 CRITICAL syntax error, unexpected ';', expecting ')' in C:\Users\cooki\Local Sites\yaniv-nextdevs\app\public\wp-content\plugins\theme-customisations-master\custom\functions.php on line 25

2022-08-02T08:16:56+00:00 CRITICAL syntax error, unexpected ';', expecting ')' in C:\Users\cooki\Local Sites\yaniv-nextdevs\app\public\wp-content\plugins\theme-customisations-master\custom\functions.php on line 25

2022-08-02T08:16:58+00:00 CRITICAL syntax error, unexpected ';', expecting ')' in C:\Users\cooki\Local Sites\yaniv-nextdevs\app\public\wp-content\plugins\theme-customisations-master\custom\functions.php on line 25

2022-08-02T08:17:01+00:00 CRITICAL syntax error, unexpected ';', expecting ')' in C:\Users\cooki\Local Sites\yaniv-nextdevs\app\public\wp-content\plugins\theme-customisations-master\custom\functions.php on line 25

2022-08-02T08:17:01+00:00 CRITICAL syntax error, unexpected ';', expecting ')' in C:\Users\cooki\Local Sites\yaniv-nextdevs\app\public\wp-content\plugins\theme-customisations-master\custom\functions.php on line 25

2022-08-02T08:17:02+00:00 CRITICAL syntax error, unexpected ';', expecting ')' in C:\Users\cooki\Local Sites\yaniv-nextdevs\app\public\wp-content\plugins\theme-customisations-master\custom\functions.php on line 25

2022-08-02T08:17:03+00:00 CRITICAL syntax error, unexpected ';', expecting ')' in C:\Users\cooki\Local Sites\yaniv-nextdevs\app\public\wp-content\plugins\theme-customisations-master\custom\functions.php on line 25

2022-08-02T08:17:03+00:00 CRITICAL syntax error, unexpected ';', expecting ')' in C:\Users\cooki\Local Sites\yaniv-nextdevs\app\public\wp-content\plugins\theme-customisations-master\custom\functions.php on line 25

2022-08-02T08:17:06+00:00 CRITICAL syntax error, unexpected ';', expecting ')' in C:\Users\cooki\Local Sites\yaniv-nextdevs\app\public\wp-content\plugins\theme-customisations-master\custom\functions.php on line 25

2022-08-02T08:17:08+00:00 CRITICAL syntax error, unexpected ';', expecting ')' in C:\Users\cooki\Local Sites\yaniv-nextdevs\app\public\wp-content\plugins\theme-customisations-master\custom\functions.php on line 25

2022-08-02T08:17:08+00:00 CRITICAL syntax error, unexpected ';', expecting ')' in C:\Users\cooki\Local Sites\yaniv-nextdevs\app\public\wp-content\plugins\theme-customisations-master\custom\functions.php on line 25

2022-08-02T08:17:08+00:00 CRITICAL syntax error, unexpected ';', expecting ')' in C:\Users\cooki\Local Sites\yaniv-nextdevs\app\public\wp-content\plugins\theme-customisations-master\custom\functions.php on line 25

2022-08-02T08:17:09+00:00 CRITICAL syntax error, unexpected ';', expecting ')' in C:\Users\cooki\Local Sites\yaniv-nextdevs\app\public\wp-content\plugins\theme-customisations-master\custom\functions.php on line 25

2022-08-02T08:17:09+00:00 CRITICAL syntax error, unexpected ';', expecting ')' in C:\Users\cooki\Local Sites\yaniv-nextdevs\app\public\wp-content\plugins\theme-customisations-master\custom\functions.php on line 25

2022-08-02T08:17:09+00:00 CRITICAL syntax error, unexpected ';', expecting ')' in C:\Users\cooki\Local Sites\yaniv-nextdevs\app\public\wp-content\plugins\theme-customisations-master\custom\functions.php on line 25

2022-08-02T08:17:09+00:00 CRITICAL syntax error, unexpected ';', expecting ')' in C:\Users\cooki\Local Sites\yaniv-nextdevs\app\public\wp-content\plugins\theme-customisations-master\custom\functions.php on line 25

2022-08-02T08:17:09+00:00 CRITICAL syntax error, unexpected ';', expecting ')' in C:\Users\cooki\Local Sites\yaniv-nextdevs\app\public\wp-content\plugins\theme-customisations-master\custom\functions.php on line 25

2022-08-02T08:17:17+00:00 CRITICAL syntax error, unexpected ';', expecting ')' in C:\Users\cooki\Local Sites\yaniv-nextdevs\app\public\wp-content\plugins\theme-customisations-master\custom\functions.php on line 25

2022-08-02T08:17:19+00:00 CRITICAL syntax error, unexpected ';', expecting ')' in C:\Users\cooki\Local Sites\yaniv-nextdevs\app\public\wp-content\plugins\theme-customisations-master\custom\functions.php on line 25

2022-08-02T08:17:20+00:00 CRITICAL syntax error, unexpected ';', expecting ')' in C:\Users\cooki\Local Sites\yaniv-nextdevs\app\public\wp-content\plugins\theme-customisations-master\custom\functions.php on line 25

